c:\users\zhouc\onedrive\documents\visual studio 2019\projects\dragonflyengine\game0\vs-2019\x64\debug\vc142.pdb
c:\users\zhouc\onedrive\documents\visual studio 2019\projects\dragonflyengine\game0\vs-2019\x64\debug\vc142.idb
c:\users\zhouc\onedrive\documents\visual studio 2019\projects\dragonflyengine\game0\vs-2019\x64\debug\game.obj
c:\users\zhouc\onedrive\documents\visual studio 2019\projects\dragonflyengine\game0\vs-2019\x64\debug\manager.obj
c:\users\zhouc\onedrive\documents\visual studio 2019\projects\dragonflyengine\game0\vs-2019\x64\debug\logmanager.obj
c:\users\zhouc\onedrive\documents\visual studio 2019\projects\dragonflyengine\game0\vs-2019\x64\debug\gamemanager.obj
c:\users\zhouc\onedrive\documents\visual studio 2019\projects\dragonflyengine\game0\vs-2019\x64\debug\clock.obj
c:\users\zhouc\onedrive\documents\visual studio 2019\projects\dragonflyengine\game0\vs-2019\x64\debug\vector.obj
c:\users\zhouc\onedrive\documents\visual studio 2019\projects\dragonflyengine\game0\vs-2019\x64\debug\object.obj
c:\users\zhouc\onedrive\documents\visual studio 2019\projects\dragonflyengine\game0\vs-2019\x64\debug\objectlistiterator.obj
c:\users\zhouc\onedrive\documents\visual studio 2019\projects\dragonflyengine\game0\vs-2019\x64\debug\objectlist.obj
c:\users\zhouc\onedrive\documents\visual studio 2019\projects\dragonflyengine\game0\vs-2019\x64\debug\eventstep.obj
c:\users\zhouc\onedrive\documents\visual studio 2019\projects\dragonflyengine\game0\vs-2019\x64\debug\event.obj
c:\users\zhouc\onedrive\documents\visual studio 2019\projects\dragonflyengine\game0\vs-2019\x64\debug\testdummy.obj
c:\users\zhouc\onedrive\documents\visual studio 2019\projects\dragonflyengine\game0\vs-2019\x64\debug\worldmanager.obj
c:\users\zhouc\onedrive\documents\visual studio 2019\projects\dragonflyengine\game0\vs-2019\x64\debug\sauser.obj
c:\users\zhouc\onedrive\documents\visual studio 2019\projects\dragonflyengine\game0\vs-2019\x64\debug\displaymanager.obj
c:\users\zhouc\onedrive\documents\visual studio 2019\projects\dragonflyengine\game0\vs-2019\x64\debug\inputmanager.obj
c:\users\zhouc\onedrive\documents\visual studio 2019\projects\dragonflyengine\game0\vs-2019\x64\debug\eventkeyboard.obj
c:\users\zhouc\onedrive\documents\visual studio 2019\projects\dragonflyengine\game0\vs-2019\x64\debug\eventmouse.obj
c:\users\zhouc\onedrive\documents\visual studio 2019\projects\dragonflyengine\game0\vs-2019\x64\debug\saucer-shoot.exe
c:\users\zhouc\onedrive\documents\visual studio 2019\projects\dragonflyengine\game0\vs-2019\x64\debug\saucer-shoot.ilk
c:\users\zhouc\onedrive\documents\visual studio 2019\projects\dragonflyengine\game0\vs-2019\x64\debug\saucer-shoot.pdb
c:\users\zhouc\onedrive\documents\visual studio 2019\projects\dragonflyengine\game0\vs-2019\x64\debug\saucer-shoot.tlog\cl.command.1.tlog
c:\users\zhouc\onedrive\documents\visual studio 2019\projects\dragonflyengine\game0\vs-2019\x64\debug\saucer-shoot.tlog\cl.read.1.tlog
c:\users\zhouc\onedrive\documents\visual studio 2019\projects\dragonflyengine\game0\vs-2019\x64\debug\saucer-shoot.tlog\cl.write.1.tlog
c:\users\zhouc\onedrive\documents\visual studio 2019\projects\dragonflyengine\game0\vs-2019\x64\debug\saucer-shoot.tlog\link.18804-cvtres.read.1.tlog
c:\users\zhouc\onedrive\documents\visual studio 2019\projects\dragonflyengine\game0\vs-2019\x64\debug\saucer-shoot.tlog\link.18804-cvtres.write.1.tlog
c:\users\zhouc\onedrive\documents\visual studio 2019\projects\dragonflyengine\game0\vs-2019\x64\debug\saucer-shoot.tlog\link.18804-rc.read.1.tlog
c:\users\zhouc\onedrive\documents\visual studio 2019\projects\dragonflyengine\game0\vs-2019\x64\debug\saucer-shoot.tlog\link.18804-rc.write.1.tlog
c:\users\zhouc\onedrive\documents\visual studio 2019\projects\dragonflyengine\game0\vs-2019\x64\debug\saucer-shoot.tlog\link.18804.read.1.tlog
c:\users\zhouc\onedrive\documents\visual studio 2019\projects\dragonflyengine\game0\vs-2019\x64\debug\saucer-shoot.tlog\link.18804.write.1.tlog
c:\users\zhouc\onedrive\documents\visual studio 2019\projects\dragonflyengine\game0\vs-2019\x64\debug\saucer-shoot.tlog\link.command.1.tlog
c:\users\zhouc\onedrive\documents\visual studio 2019\projects\dragonflyengine\game0\vs-2019\x64\debug\saucer-shoot.tlog\link.read.1.tlog
c:\users\zhouc\onedrive\documents\visual studio 2019\projects\dragonflyengine\game0\vs-2019\x64\debug\saucer-shoot.tlog\link.write.1.tlog
